<?xml version="1.0" encoding="UTF-8"?>
<!-- Generated by org.testng.reporters.JUnitXMLReporter -->
<testsuite ignored="0" hostname="LAPTOP-HH7IGSDH" failures="0" tests="3" name="Test" time="2097.464" errors="0" timestamp="14 Mar 2022 18:08:31 GMT">
  <testcase classname="com.WebScrapingProject.testCases.TC_003Postman" name="ScrapingApiTest" time="615.773"/>
  <testcase classname="com.WebScrapingProject.testCases.TC_002RestAssured" name="ScrapingApiTest" time="147.218"/>
  <testcase classname="com.WebScrapingProject.testCases.TC_001ApiTesting" name="ScrapingApiTest" time="1334.356"/>
</testsuite> <!-- Test -->
